Size of input: 10000
Number of words in table: 10000
Primary array size: 70717
Maximum number of collisions in a hashbucket: 3
The number of hashbuckets b with x elements:
x=0 : b=61394
x=1 : b=8677
x=2 : b=617
x=3 : b=27
x=4 : b=2
x=5 : b=0
x=6 : b=0
x=7 : b=0
x=8 : b=0
x=9 : b=0
x=10 : b=0
x=11 : b=0
x=12 : b=0
x=13 : b=0
x=14 : b=0
x=15 : b=0
x=16 : b=0
x=17 : b=0
x=18 : b=0
x=19 : b=0
x=20 : b=0
Keys in most populated bucket: colour general portion receives 

Queries
Key "outcomes" exists at (62978, 1).
Key "chess" exists at (13947, 0).
Key "otter" does not exist.
Key "simulation" exists at (33650, 0).
Key "png" does not exist.
Key "trays" does not exist.
Key "louisville" exists at (36818, 0).
