Size of input: 47
Number of words in table: 38
Primary array size: 5
Maximum number of collisions in a hashbucket: 13
The number of hashbuckets b with x elements:
x=0 : b=0
x=1 : b=0
x=2 : b=1
x=3 : b=0
x=4 : b=0
x=5 : b=1
x=6 : b=0
x=7 : b=0
x=8 : b=1
x=9 : b=1
x=10 : b=0
x=11 : b=0
x=12 : b=0
x=13 : b=0
x=14 : b=1
x=15 : b=0
x=16 : b=0
x=17 : b=0
x=18 : b=0
x=19 : b=0
x=20 : b=0
Keys in most populated bucket: a hundred my and outer the labors of men must give as still receiving 

Queries
Key "I" exists at (3, 1).
Key "myself" exists at (3, 3).
Key "that" exists at (3, 4).
Key "and" exists at (2, 3).
Key "the" exists at (2, 5).
Key "in" exists at (0, 1).
